<?xml version="1.0" encoding="UTF-8"?>
<testng-results skipped="0" failed="0" ignored="0" total="4" passed="4">
  <reporter-output>
  </reporter-output>
  <suite name="Suite" duration-ms="52307" started-at="2020-12-18T15:33:25 IST" finished-at="2020-12-18T15:34:17 IST">
    <groups>
    </groups>
    <test name="Validating User login" duration-ms="18101" started-at="2020-12-18T15:33:25 IST" finished-at="2020-12-18T15:33:43 IST">
      <class name="Academy.HomePage">
        <test-method status="PASS" signature="initialize()[pri:0, instance:Academy.HomePage@7b02881e]" name="initialize" is-config="true" duration-ms="7650" started-at="2020-12-18T15:33:25 IST" finished-at="2020-12-18T15:33:32 IST">
          <reporter-output>
          </reporter-output>
        </test-method> <!-- initialize -->
        <test-method status="PASS" signature="basePageNavigation(java.lang.String, java.lang.String, java.lang.String)[pri:0, instance:Academy.HomePage@7b02881e]" name="basePageNavigation" duration-ms="7447" started-at="2020-12-18T15:33:32 IST" data-provider="getData" finished-at="2020-12-18T15:33:40 IST">
          <params>
            <param index="0">
              <value>
                <![CDATA[nonrestricteduser@qw.com]]>
              </value>
            </param>
            <param index="1">
              <value>
                <![CDATA[123456]]>
              </value>
            </param>
            <param index="2">
              <value>
                <![CDATA[Restrcited User]]>
              </value>
            </param>
          </params>
          <reporter-output>
          </reporter-output>
        </test-method> <!-- basePageNavigation -->
        <test-method status="PASS" signature="basePageNavigation(java.lang.String, java.lang.String, java.lang.String)[pri:0, instance:Academy.HomePage@7b02881e]" name="basePageNavigation" duration-ms="2794" started-at="2020-12-18T15:33:40 IST" data-provider="getData" finished-at="2020-12-18T15:33:43 IST">
          <params>
            <param index="0">
              <value>
                <![CDATA[restricteduser@qw.com]]>
              </value>
            </param>
            <param index="1">
              <value>
                <![CDATA[456788]]>
              </value>
            </param>
            <param index="2">
              <value>
                <![CDATA[Non restricted user]]>
              </value>
            </param>
          </params>
          <reporter-output>
          </reporter-output>
        </test-method> <!-- basePageNavigation -->
        <test-method status="PASS" signature="teardown()[pri:0, instance:Academy.HomePage@7b02881e]" name="teardown" is-config="true" duration-ms="80" started-at="2020-12-18T15:33:43 IST" finished-at="2020-12-18T15:33:43 IST">
          <reporter-output>
          </reporter-output>
        </test-method> <!-- teardown -->
      </class> <!-- Academy.HomePage -->
    </test> <!-- Validating User login -->
    <test name="Validating title in the Page" duration-ms="12059" started-at="2020-12-18T15:33:44 IST" finished-at="2020-12-18T15:33:56 IST">
      <class name="Academy.validateTitle">
        <test-method status="PASS" signature="initialize()[pri:0, instance:Academy.validateTitle@3571b748]" name="initialize" is-config="true" duration-ms="11766" started-at="2020-12-18T15:33:44 IST" finished-at="2020-12-18T15:33:56 IST">
          <reporter-output>
          </reporter-output>
        </test-method> <!-- initialize -->
        <test-method status="PASS" signature="validateAppTitle()[pri:0, instance:Academy.validateTitle@3571b748]" name="validateAppTitle" duration-ms="203" started-at="2020-12-18T15:33:56 IST" finished-at="2020-12-18T15:33:56 IST">
          <reporter-output>
          </reporter-output>
        </test-method> <!-- validateAppTitle -->
        <test-method status="PASS" signature="teardown()[pri:0, instance:Academy.validateTitle@3571b748]" name="teardown" is-config="true" duration-ms="85" started-at="2020-12-18T15:33:56 IST" finished-at="2020-12-18T15:33:56 IST">
          <reporter-output>
          </reporter-output>
        </test-method> <!-- teardown -->
      </class> <!-- Academy.validateTitle -->
    </test> <!-- Validating title in the Page -->
    <test name="App Testing" duration-ms="0" started-at="2020-12-18T15:33:56 IST" finished-at="2020-12-18T15:33:56 IST">
    </test> <!-- App Testing -->
    <test name="Validating navigation Bar" duration-ms="20587" started-at="2020-12-18T15:33:56 IST" finished-at="2020-12-18T15:34:17 IST">
      <class name="Academy.validateNavigationBar">
        <test-method status="PASS" signature="initialize()[pri:0, instance:Academy.validateNavigationBar@51891008]" name="initialize" is-config="true" duration-ms="20448" started-at="2020-12-18T15:33:56 IST" finished-at="2020-12-18T15:34:17 IST">
          <reporter-output>
          </reporter-output>
        </test-method> <!-- initialize -->
        <test-method status="PASS" signature="validateAppNavBar()[pri:0, instance:Academy.validateNavigationBar@51891008]" name="validateAppNavBar" duration-ms="53" started-at="2020-12-18T15:34:17 IST" finished-at="2020-12-18T15:34:17 IST">
          <reporter-output>
          </reporter-output>
        </test-method> <!-- validateAppNavBar -->
        <test-method status="PASS" signature="teardown()[pri:0, instance:Academy.validateNavigationBar@51891008]" name="teardown" is-config="true" duration-ms="83" started-at="2020-12-18T15:34:17 IST" finished-at="2020-12-18T15:34:17 IST">
          <reporter-output>
          </reporter-output>
        </test-method> <!-- teardown -->
      </class> <!-- Academy.validateNavigationBar -->
    </test> <!-- Validating navigation Bar -->
  </suite> <!-- Suite -->
</testng-results>
