<?xml version="1.0" encoding="UTF-8"?>
<testng-results skipped="0" failed="0" ignored="0" total="2" passed="2">
  <reporter-output>
  </reporter-output>
  <suite name="Default suite" duration-ms="26403" started-at="2020-12-17T17:52:16 IST" finished-at="2020-12-17T17:52:43 IST">
    <groups>
    </groups>
    <test name="Default test" duration-ms="26403" started-at="2020-12-17T17:52:16 IST" finished-at="2020-12-17T17:52:43 IST">
      <class name="Academy.HomePage">
        <test-method status="PASS" signature="initialize()[pri:0, instance:Academy.HomePage@5ffead27]" name="initialize" is-config="true" duration-ms="14468" started-at="2020-12-17T17:52:16 IST" finished-at="2020-12-17T17:52:31 IST">
          <reporter-output>
          </reporter-output>
        </test-method> <!-- initialize -->
        <test-method status="PASS" signature="basePageNavigation(java.lang.String, java.lang.String, java.lang.String)[pri:0, instance:Academy.HomePage@5ffead27]" name="basePageNavigation" duration-ms="8756" started-at="2020-12-17T17:52:31 IST" data-provider="getData" finished-at="2020-12-17T17:52:40 IST">
          <params>
            <param index="0">
              <value>
                <![CDATA[nonrestricteduser@qw.com]]>
              </value>
            </param>
            <param index="1">
              <value>
                <![CDATA[123456]]>
              </value>
            </param>
            <param index="2">
              <value>
                <![CDATA[Restrcited User]]>
              </value>
            </param>
          </params>
          <reporter-output>
          </reporter-output>
        </test-method> <!-- basePageNavigation -->
        <test-method status="PASS" signature="basePageNavigation(java.lang.String, java.lang.String, java.lang.String)[pri:0, instance:Academy.HomePage@5ffead27]" name="basePageNavigation" duration-ms="3011" started-at="2020-12-17T17:52:40 IST" data-provider="getData" finished-at="2020-12-17T17:52:43 IST">
          <params>
            <param index="0">
              <value>
                <![CDATA[restricteduser@qw.com]]>
              </value>
            </param>
            <param index="1">
              <value>
                <![CDATA[456788]]>
              </value>
            </param>
            <param index="2">
              <value>
                <![CDATA[Non restricted user]]>
              </value>
            </param>
          </params>
          <reporter-output>
          </reporter-output>
        </test-method> <!-- basePageNavigation -->
      </class> <!-- Academy.HomePage -->
    </test> <!-- Default test -->
  </suite> <!-- Default suite -->
</testng-results>
